----------------------------------------------------------------
Tue Mar 04 09:33:53 CET 2025:
Booting Derby version The Apache Software Foundation - Apache Derby - 10.16.1.1 - (1901046): instance a816c00e-0195-604a-3e68-000002311880 
on database directory memory:C:\Users\yeshp\OneDrive\Desktop\java_projects\spring_projects\course-api-data\78e94b70-eee7-4f32-8ec1-2fcdcc9e1472 with class loader jdk.internal.loader.ClassLoaders$AppClassLoader@73d16e93 
Loaded from file:/C:/Users/yeshp/.m2/repository/org/apache/derby/derby/10.16.1.1/derby-10.16.1.1.jar
java.vendor=Eclipse Adoptium
java.runtime.version=17.0.14+7
user.dir=c:\Users\yeshp\OneDrive\Desktop\java_projects\spring_projects\course-api-data
os.name=Windows 11
os.arch=amd64
os.version=10.0
derby.system.home=null
Database Class Loader started - derby.database.classpath=''
----------------------------------------------------------------
Tue Mar 04 09:40:49 CET 2025:
Shutting down instance a816c00e-0195-604a-3e68-000002311880 on database directory memory:C:\Users\yeshp\OneDrive\Desktop\java_projects\spring_projects\course-api-data\78e94b70-eee7-4f32-8ec1-2fcdcc9e1472 with class loader jdk.internal.loader.ClassLoaders$AppClassLoader@73d16e93 
----------------------------------------------------------------
Tue Mar 04 09:40:50 CET 2025:
Booting Derby version The Apache Software Foundation - Apache Derby - 10.16.1.1 - (1901046): instance 7d0f8114-0195-604a-3e68-000002311880 
on database directory memory:C:\Users\yeshp\OneDrive\Desktop\java_projects\spring_projects\course-api-data\efbcb7ac-bb5f-49e1-8360-3ade496a7d80 with class loader jdk.internal.loader.ClassLoaders$AppClassLoader@73d16e93 
Loaded from file:/C:/Users/yeshp/.m2/repository/org/apache/derby/derby/10.16.1.1/derby-10.16.1.1.jar
java.vendor=Eclipse Adoptium
java.runtime.version=17.0.14+7
user.dir=c:\Users\yeshp\OneDrive\Desktop\java_projects\spring_projects\course-api-data
os.name=Windows 11
os.arch=amd64
os.version=10.0
derby.system.home=null
Database Class Loader started - derby.database.classpath=''
----------------------------------------------------------------
Tue Mar 04 09:44:37 CET 2025:
Shutting down instance 7d0f8114-0195-604a-3e68-000002311880 on database directory memory:C:\Users\yeshp\OneDrive\Desktop\java_projects\spring_projects\course-api-data\efbcb7ac-bb5f-49e1-8360-3ade496a7d80 with class loader jdk.internal.loader.ClassLoaders$AppClassLoader@73d16e93 
----------------------------------------------------------------
Tue Mar 04 09:44:39 CET 2025:
Booting Derby version The Apache Software Foundation - Apache Derby - 10.16.1.1 - (1901046): instance 1dd0820c-0195-604a-3e68-000002311880 
on database directory memory:C:\Users\yeshp\OneDrive\Desktop\java_projects\spring_projects\course-api-data\5740a4f9-dc54-40d6-b477-68a5d200cbe6 with class loader jdk.internal.loader.ClassLoaders$AppClassLoader@73d16e93 
Loaded from file:/C:/Users/yeshp/.m2/repository/org/apache/derby/derby/10.16.1.1/derby-10.16.1.1.jar
java.vendor=Eclipse Adoptium
java.runtime.version=17.0.14+7
user.dir=c:\Users\yeshp\OneDrive\Desktop\java_projects\spring_projects\course-api-data
os.name=Windows 11
os.arch=amd64
os.version=10.0
derby.system.home=null
Database Class Loader started - derby.database.classpath=''
----------------------------------------------------------------
Tue Mar 04 09:44:49 CET 2025:
Shutting down instance 1dd0820c-0195-604a-3e68-000002311880 on database directory memory:C:\Users\yeshp\OneDrive\Desktop\java_projects\spring_projects\course-api-data\5740a4f9-dc54-40d6-b477-68a5d200cbe6 with class loader jdk.internal.loader.ClassLoaders$AppClassLoader@73d16e93 
----------------------------------------------------------------
Tue Mar 04 09:44:50 CET 2025:
Booting Derby version The Apache Software Foundation - Apache Derby - 10.16.1.1 - (1901046): instance faa18304-0195-604a-3e68-000002311880 
on database directory memory:C:\Users\yeshp\OneDrive\Desktop\java_projects\spring_projects\course-api-data\bd487d49-b66c-48c6-9885-665169a2e047 with class loader jdk.internal.loader.ClassLoaders$AppClassLoader@73d16e93 
Loaded from file:/C:/Users/yeshp/.m2/repository/org/apache/derby/derby/10.16.1.1/derby-10.16.1.1.jar
java.vendor=Eclipse Adoptium
java.runtime.version=17.0.14+7
user.dir=c:\Users\yeshp\OneDrive\Desktop\java_projects\spring_projects\course-api-data
os.name=Windows 11
os.arch=amd64
os.version=10.0
derby.system.home=null
Database Class Loader started - derby.database.classpath=''
----------------------------------------------------------------
Tue Mar 04 09:56:43 CET 2025:
Shutting down instance faa18304-0195-604a-3e68-000002311880 on database directory memory:C:\Users\yeshp\OneDrive\Desktop\java_projects\spring_projects\course-api-data\bd487d49-b66c-48c6-9885-665169a2e047 with class loader jdk.internal.loader.ClassLoaders$AppClassLoader@73d16e93 
----------------------------------------------------------------
Tue Mar 04 09:56:44 CET 2025:
Booting Derby version The Apache Software Foundation - Apache Derby - 10.16.1.1 - (1901046): instance 7db9c416-0195-604a-3e68-000002311880 
on database directory memory:C:\Users\yeshp\OneDrive\Desktop\java_projects\spring_projects\course-api-data\5e7cc003-a274-411d-a22b-f7d0db021f44 with class loader jdk.internal.loader.ClassLoaders$AppClassLoader@73d16e93 
Loaded from file:/C:/Users/yeshp/.m2/repository/org/apache/derby/derby/10.16.1.1/derby-10.16.1.1.jar
java.vendor=Eclipse Adoptium
java.runtime.version=17.0.14+7
user.dir=c:\Users\yeshp\OneDrive\Desktop\java_projects\spring_projects\course-api-data
os.name=Windows 11
os.arch=amd64
os.version=10.0
derby.system.home=null
Database Class Loader started - derby.database.classpath=''
----------------------------------------------------------------
Tue Mar 04 09:57:51 CET 2025:
Shutting down instance 7db9c416-0195-604a-3e68-000002311880 on database directory memory:C:\Users\yeshp\OneDrive\Desktop\java_projects\spring_projects\course-api-data\5e7cc003-a274-411d-a22b-f7d0db021f44 with class loader jdk.internal.loader.ClassLoaders$AppClassLoader@73d16e93 
